-------------------------------------------------------------------------------
Test set: prot.cortex.homesecurity.HomeSecurityApplicationTests
-------------------------------------------------------------------------------
Tests run: 1, Failures: 0, Errors: 1, Skipped: 0, Time elapsed: 3.96 s <<< FAILURE! - in prot.cortex.homesecurity.HomeSecurityApplicationTests
contextLoads  Time elapsed: 0.006 s  <<< ERROR!
java.lang.IllegalStateException: Failed to load ApplicationContext for [WebMergedContextConfiguration@70592729 testClass = prot.cortex.homesecurity.HomeSecurityApplicationTests, locations = [], classes = [prot.cortex.homesecurity.HomeSecurityApplication], contextInitializerClasses = [], activeProfiles = [], propertySourceLocations = [], propertySourceProperties = ["org.springframework.boot.test.context.SpringBootTestContextBootstrapper=true"], contextCustomizers = [org.springframework.boot.test.context.filter.ExcludeFilterContextCustomizer@702b8b12, org.springframework.boot.test.json.DuplicateJsonObjectContextCustomizerFactory$DuplicateJsonObjectContextCustomizer@15bbf42f, org.springframework.boot.test.mock.mockito.MockitoContextCustomizer@0, org.springframework.boot.test.web.client.TestRestTemplateContextCustomizer@101952da, org.springframework.boot.test.autoconfigure.actuate.observability.ObservabilityContextCustomizerFactory$DisableObservabilityContextCustomizer@9da1, org.springframework.boot.test.autoconfigure.properties.PropertyMappingContextCustomizer@0, org.springframework.boot.test.autoconfigure.web.servlet.WebDriverContextCustomizerFactory$Customizer@4efc180e, org.springframework.boot.test.context.SpringBootTestAnnotation@59a2f297], resourceBasePath = "src/main/webapp", contextLoader = org.springframework.boot.test.context.SpringBootContextLoader, parent = null]
Caused by: org.springframework.beans.factory.UnsatisfiedDependencyException: Error creating bean with name 'individuoController' defined in file [/home/caio.coelho@jv01.local/Documentos/COLLEGE_space/IOT/home_security/homesecurity/target/classes/prot/cortex/homesecurity/main_context/entities/individuo/api/IndividuoController.class]: Unsatisfied dependency expressed through constructor parameter 0: Error creating bean with name 'individuoService' defined in file [/home/caio.coelho@jv01.local/Documentos/COLLEGE_space/IOT/home_security/homesecurity/target/classes/prot/cortex/homesecurity/main_context/entities/individuo/domain/IndividuoService.class]: Unsatisfied dependency expressed through constructor parameter 0: Error creating bean with name 'individuoRepository' defined in prot.cortex.homesecurity.main_context.entities.individuo.domain.IndividuoRepository defined in @EnableJpaRepositories declared on JpaRepositoriesRegistrar.EnableJpaRepositoriesConfiguration: Not a managed type: class prot.cortex.homesecurity.main_context.entities.individuo.domain.Individuo
Caused by: org.springframework.beans.factory.UnsatisfiedDependencyException: Error creating bean with name 'individuoService' defined in file [/home/caio.coelho@jv01.local/Documentos/COLLEGE_space/IOT/home_security/homesecurity/target/classes/prot/cortex/homesecurity/main_context/entities/individuo/domain/IndividuoService.class]: Unsatisfied dependency expressed through constructor parameter 0: Error creating bean with name 'individuoRepository' defined in prot.cortex.homesecurity.main_context.entities.individuo.domain.IndividuoRepository defined in @EnableJpaRepositories declared on JpaRepositoriesRegistrar.EnableJpaRepositoriesConfiguration: Not a managed type: class prot.cortex.homesecurity.main_context.entities.individuo.domain.Individuo
Caused by: org.springframework.beans.factory.BeanCreationException: Error creating bean with name 'individuoRepository' defined in prot.cortex.homesecurity.main_context.entities.individuo.domain.IndividuoRepository defined in @EnableJpaRepositories declared on JpaRepositoriesRegistrar.EnableJpaRepositoriesConfiguration: Not a managed type: class prot.cortex.homesecurity.main_context.entities.individuo.domain.Individuo
Caused by: java.lang.IllegalArgumentException: Not a managed type: class prot.cortex.homesecurity.main_context.entities.individuo.domain.Individuo

